WINDOW 8439 OPEN
WINDOW 8439 KEY a
WINDOW 8439 KEY s
WINDOW 8439 KEY d
WINDOW 8439 KEY a
WINDOW 8439 KEY s
WINDOW 8439 KEY d
WINDOW 8439 KEY a
WINDOW 8439 KEY s
WINDOW 8439 KEY d
WINDOW 8439 KEY a
WINDOW 8439 KEY s
WINDOW 8439 KEY d
WINDOW 8439 END
WINDOW 8467 OPEN
WINDOW 8475 OPEN
WINDOW 8477 OPEN
WINDOW 8477 KEY t
WINDOW 8477 KEY h
WINDOW 8477 KEY a
WINDOW 8477 KEY n
WINDOW 8477 KEY k
WINDOW 8477 KEY s
WINDOW 8477 KEY Return
WINDOW 8477 KEY t
WINDOW 8477 KEY h
WINDOW 8477 KEY a
WINDOW 8477 KEY n
WINDOW 8477 KEY k
WINDOW 8477 KEY s
WINDOW 8477 KEY Return
WINDOW 8477 KEY t
WINDOW 8477 KEY h
WINDOW 8477 KEY a
WINDOW 8477 KEY n
WINDOW 8477 KEY k
WINDOW 8477 KEY Return
WINDOW 8477 KEY p
WINDOW 8477 KEY l
WINDOW 8477 KEY e
WINDOW 8477 KEY a
WINDOW 8477 KEY s
WINDOW 8477 KEY e
WINDOW 8477 KEY Return
WINDOW 8477 KEY p
WINDOW 8477 KEY l
WINDOW 8477 KEY a
WINDOW 8477 KEY s
WINDOW 8477 KEY e
WINDOW 8477 KEY p
WINDOW 8477 KEY l
WINDOW 8477 KEY a
WINDOW 8477 KEY s
WINDOW 8477 KEY e
WINDOW 8477 KEY Return
WINDOW 8477 KEY p
WINDOW 8477 KEY l
WINDOW 8477 KEY a
WINDOW 8477 KEY s
WINDOW 8477 KEY e
WINDOW 8477 KEY Return
WINDOW 8477 KEY p
WINDOW 8477 KEY l
WINDOW 8477 KEY a
WINDOW 8477 KEY s
WINDOW 8477 KEY e
WINDOW 8477 KEY Return
WINDOW 8634 OPEN
WINDOW 8642 OPEN
WINDOW 8642 KEY p
WINDOW 8642 KEY l
WINDOW 8642 KEY e
WINDOW 8642 KEY a
WINDOW 8642 KEY s
WINDOW 8642 KEY e
WINDOW 8642 KEY Return
WINDOW 8642 KEY p
WINDOW 8642 KEY l
WINDOW 8642 KEY a
WINDOW 8642 KEY s
WINDOW 8642 KEY e
WINDOW 8642 KEY Return
WINDOW 8642 KEY p
WINDOW 8642 KEY l
WINDOW 8642 KEY a
WINDOW 8642 KEY s
WINDOW 8642 KEY e
WINDOW 8642 KEY Return
WINDOW 8642 KEY p
WINDOW 8642 KEY l
WINDOW 8642 KEY a
WINDOW 8642 KEY s
WINDOW 8642 KEY e
WINDOW 8642 KEY Return
WINDOW 8642 KEY t
WINDOW 8642 KEY h
WINDOW 8642 KEY a
WINDOW 8642 KEY n
WINDOW 8642 KEY k
WINDOW 8642 KEY s
WINDOW 8642 KEY Return
WINDOW 8634 END
WINDOW 8642 END
WINDOW 8677 OPEN
WINDOW 8677 KEY a
WINDOW 8677 KEY s
WINDOW 8677 KEY d
WINDOW 8677 KEY a
WINDOW 8677 KEY s
WINDOW 8677 KEY d
WINDOW 8677 KEY a
WINDOW 8677 KEY s
WINDOW 8677 KEY d
WINDOW 8677 KEY a
WINDOW 8677 KEY s
WINDOW 8677 KEY d
WINDOW 8677 KEY a
WINDOW 8677 KEY s
WINDOW 8677 KEY d
WINDOW 8677 KEY a
WINDOW 8677 KEY s
WINDOW 8677 KEY d
WINDOW 8677 KEY a
WINDOW 8677 KEY s
WINDOW 8677 KEY d
WINDOW 8677 KEY a
WINDOW 8677 KEY s
WINDOW 8677 KEY d
WINDOW 8677 KEY a
WINDOW 8677 KEY s
WINDOW 8677 KEY d
WINDOW 8677 END
WINDOW 8898 OPEN
WINDOW 8898 KEY a
WINDOW 8898 KEY s
WINDOW 8898 KEY d
WINDOW 8898 KEY a
WINDOW 8898 KEY s
WINDOW 8898 KEY d
WINDOW 8898 KEY a
WINDOW 8898 KEY s
WINDOW 8898 KEY d
WINDOW 8898 KEY a
WINDOW 8898 KEY s
WINDOW 8898 KEY d
WINDOW 8898 KEY a
WINDOW 8898 KEY s
WINDOW 8898 KEY d
WINDOW 8898 KEY a
WINDOW 8898 KEY s
WINDOW 8898 END
WINDOW 9246 OPEN
WINDOW 9246 KEY a
WINDOW 9246 KEY s
WINDOW 9246 KEY d
WINDOW 9246 KEY a
WINDOW 9246 KEY s
WINDOW 9246 KEY d
WINDOW 9246 KEY a
WINDOW 9246 KEY s
WINDOW 9246 KEY d
WINDOW 9246 END
WINDOW 9268 OPEN
WINDOW 9268 KEY 1
WINDOW 9268 KEY 1
WINDOW 9280 OPEN
WINDOW 9282 OPEN
WINDOW 9284 OPEN
WINDOW 9284 KEY s
WINDOW 9284 KEY y
WINDOW 9284 KEY s
WINDOW 9284 KEY t
WINDOW 9284 KEY e
WINDOW 9284 KEY m
WINDOW 9284 KEY Return
WINDOW 9284 KEY s
WINDOW 9284 KEY y
WINDOW 9284 KEY s
WINDOW 9284 KEY t
WINDOW 9284 KEY e
WINDOW 9284 KEY m
WINDOW 9284 KEY d
WINDOW 9284 KEY a
WINDOW 9284 KEY d
WINDOW 9284 KEY a
WINDOW 9284 KEY d
WINDOW 9284 KEY a
WINDOW 9284 KEY t
WINDOW 9284 KEY a
WINDOW 9284 KEY Return
WINDOW 9284 KEY a
WINDOW 9284 KEY n
WINDOW 9284 KEY a
WINDOW 9284 KEY l
WINDOW 9284 KEY y
WINDOW 9284 KEY s
WINDOW 9284 KEY i
WINDOW 9284 KEY s
WINDOW 9284 KEY r
WINDOW 9284 KEY e
WINDOW 9284 KEY s
WINDOW 9284 KEY u
WINDOW 9284 KEY l
WINDOW 9284 KEY t
WINDOW 9284 KEY s
WINDOW 9284 KEY Return
WINDOW 9284 END
WINDOW 9282 KEY p
WINDOW 9282 KEY l
WINDOW 9282 KEY s
WINDOW 9282 KEY e
WINDOW 9282 KEY a
WINDOW 9282 KEY s
WINDOW 9282 KEY e
WINDOW 9282 KEY Return
WINDOW 9282 KEY p
WINDOW 9282 KEY l
WINDOW 9282 KEY a
WINDOW 9282 KEY s
WINDOW 9282 KEY e
WINDOW 9282 KEY a
WINDOW 9282 KEY s
WINDOW 9282 KEY Return
WINDOW 9282 KEY a
WINDOW 9282 KEY r
WINDOW 9282 KEY d
WINDOW 9282 KEY s
WINDOW 9282 KEY a
WINDOW 9282 KEY r
WINDOW 9282 KEY d
WINDOW 9282 KEY s
WINDOW 9282 KEY r
WINDOW 9282 KEY e
WINDOW 9282 KEY s
WINDOW 9282 KEY u
WINDOW 9282 KEY l
WINDOW 9282 KEY t
WINDOW 9282 KEY s
WINDOW 9282 KEY m
WINDOW 9282 KEY e
WINDOW 9282 KEY t
WINDOW 9282 KEY h
WINDOW 9282 KEY o
WINDOW 9282 KEY d
WINDOW 9282 KEY d
WINDOW 9282 KEY a
WINDOW 9282 KEY t
WINDOW 9282 KEY a
WINDOW 9282 KEY Return
WINDOW 9282 END
WINDOW 9280 KEY s
WINDOW 9280 KEY e
WINDOW 9280 KEY r
WINDOW 9280 KEY v
WINDOW 9280 KEY e
WINDOW 9280 KEY r
WINDOW 9280 KEY Return
WINDOW 9280 KEY s
WINDOW 9280 KEY e
WINDOW 9280 KEY r
WINDOW 9280 KEY v
WINDOW 9280 KEY e
WINDOW 9280 KEY r
WINDOW 9280 KEY s
WINDOW 9280 KEY e
WINDOW 9280 KEY r
WINDOW 9280 KEY v
WINDOW 9280 KEY e
WINDOW 9280 KEY r
WINDOW 9280 KEY s
WINDOW 9280 KEY e
WINDOW 9280 KEY r
WINDOW 9280 KEY v
WINDOW 9280 KEY e
WINDOW 9280 KEY r
WINDOW 9280 KEY Return
WINDOW 9280 END
WINDOW 9268 KEY p
WINDOW 9268 KEY l
WINDOW 9268 KEY e
WINDOW 9268 KEY a
WINDOW 9268 KEY s
WINDOW 9268 KEY e
WINDOW 9268 KEY p
WINDOW 9268 KEY l
WINDOW 9268 KEY a
WINDOW 9268 KEY s
WINDOW 9268 KEY e
WINDOW 9268 KEY p
WINDOW 9268 KEY l
WINDOW 9268 KEY e
WINDOW 9268 KEY a
WINDOW 9268 KEY s
WINDOW 9268 KEY e
WINDOW 9268 KEY p
WINDOW 9268 KEY l
WINDOW 9268 KEY e
WINDOW 9268 KEY a
WINDOW 9268 KEY s
WINDOW 9268 KEY e
WINDOW 9268 KEY u
WINDOW 9268 KEY s
WINDOW 9268 KEY e
WINDOW 9268 KEY r
WINDOW 9268 KEY u
WINDOW 9268 KEY s
WINDOW 9268 KEY e
WINDOW 9268 KEY r
WINDOW 9268 KEY u
WINDOW 9268 KEY s
WINDOW 9268 KEY e
WINDOW 9268 KEY r
WINDOW 9268 END
